Flow report for projetoFinal
Tue Dec 06 22:48:09 2016
Quartus II 32-bit Version 11.1 Build 259 01/25/2012 Service Pack 2 SJ Web Edition


---------------------
; Table of Contents ;
---------------------
  1. Legal Notice
  2. Flow Summary
  3. Flow Settings
  4. Flow Non-Default Global Settings
  5. Flow Elapsed Time
  6. Flow OS Summary
  7. Flow Log



----------------
; Legal Notice ;
----------------
Copyright (C) 1991-2011 Altera Corporation
Your use of Altera Corporation's design tools, logic functions 
and other software and tools, and its AMPP partner logic 
functions, and any output files from any of the foregoing 
(including device programming or simulation files), and any 
associated documentation or information are expressly subject 
to the terms and conditions of the Altera Program License 
Subscription Agreement, Altera MegaCore Function License 
Agreement, or other applicable license agreement, including, 
without limitation, that your use is for the sole purpose of 
programming logic devices manufactured by Altera and sold by 
Altera or its authorized distributors.  Please refer to the 
applicable agreement for further details.



+---------------------------------------------------------------------------+
; Flow Summary                                                              ;
+---------------------------+-----------------------------------------------+
; Flow Status               ; Successful - Tue Dec 06 22:48:08 2016         ;
; Quartus II 32-bit Version ; 11.1 Build 259 01/25/2012 SP 2 SJ Web Edition ;
; Revision Name             ; projetoFinal                                  ;
; Top-level Entity Name     ; projetofinal                                  ;
; Family                    ; MAX3000A                                      ;
; Device                    ; EPM3064ALC44-10                               ;
; Timing Models             ; Final                                         ;
; Total macrocells          ; 57 / 64 ( 89 % )                              ;
; Total pins                ; 24 / 34 ( 71 % )                              ;
+---------------------------+-----------------------------------------------+


+-----------------------------------------+
; Flow Settings                           ;
+-------------------+---------------------+
; Option            ; Setting             ;
+-------------------+---------------------+
; Start date & time ; 12/06/2016 22:48:02 ;
; Main task         ; Compilation         ;
; Revision Name     ; projetoFinal        ;
+-------------------+---------------------+


+----------------------------------------------------------------------------------------------------+
; Flow Non-Default Global Settings                                                                   ;
+------------------------+--------------------------------+---------------+-------------+------------+
; Assignment Name        ; Value                          ; Default Value ; Entity Name ; Section Id ;
+------------------------+--------------------------------+---------------+-------------+------------+
; COMPILER_SIGNATURE_ID  ; 35490522708109.148107168211832 ; --            ; --          ; --         ;
; MAX_CORE_JUNCTION_TEMP ; 85                             ; --            ; --          ; --         ;
; MIN_CORE_JUNCTION_TEMP ; 0                              ; --            ; --          ; --         ;
+------------------------+--------------------------------+---------------+-------------+------------+


+-------------------------------------------------------------------------------------------------------------------------------+
; Flow Elapsed Time                                                                                                             ;
+---------------------------+--------------+-------------------------+---------------------+------------------------------------+
; Module Name               ; Elapsed Time ; Average Processors Used ; Peak Virtual Memory ; Total CPU Time (on all processors) ;
+---------------------------+--------------+-------------------------+---------------------+------------------------------------+
; Analysis & Synthesis      ; 00:00:04     ; 1.0                     ; 340 MB              ; 00:00:03                           ;
; Fitter                    ; 00:00:01     ; 1.0                     ; 271 MB              ; 00:00:01                           ;
; Assembler                 ; 00:00:00     ; 1.0                     ; 276 MB              ; 00:00:00                           ;
; TimeQuest Timing Analyzer ; 00:00:01     ; 1.0                     ; 267 MB              ; 00:00:01                           ;
; Total                     ; 00:00:06     ; --                      ; --                  ; 00:00:05                           ;
+---------------------------+--------------+-------------------------+---------------------+------------------------------------+


+----------------------------------------------------------------------------------------+
; Flow OS Summary                                                                        ;
+---------------------------+------------------+-----------+------------+----------------+
; Module Name               ; Machine Hostname ; OS Name   ; OS Version ; Processor type ;
+---------------------------+------------------+-----------+------------+----------------+
; Analysis & Synthesis      ; DESKTOP-51OLNJR  ; Windows 7 ; 6.2        ; x86_64         ;
; Fitter                    ; DESKTOP-51OLNJR  ; Windows 7 ; 6.2        ; x86_64         ;
; Assembler                 ; DESKTOP-51OLNJR  ; Windows 7 ; 6.2        ; x86_64         ;
; TimeQuest Timing Analyzer ; DESKTOP-51OLNJR  ; Windows 7 ; 6.2        ; x86_64         ;
+---------------------------+------------------+-----------+------------+----------------+


------------
; Flow Log ;
------------
quartus_map --read_settings_files=on --write_settings_files=off projetoFinal -c projetoFinal
quartus_fit --read_settings_files=off --write_settings_files=off projetoFinal -c projetoFinal
quartus_asm --read_settings_files=off --write_settings_files=off projetoFinal -c projetoFinal
quartus_sta projetoFinal -c projetoFinal



